<?xml version="1.0" encoding="UTF-8"?>
<!-- Generated by org.testng.reporters.JUnitXMLReporter -->
<testsuite ignored="1" hostname="DESKTOP-43VTGMP" failures="0" tests="4" name="Default test" time="0.093" errors="0" timestamp="2021-06-08T09:53:41 IST">
  <testcase classname="com.pom.classes.TestClass3" name="test3" time="0.01"/>
  <testcase classname="com.pom.classes.TestClass3" name="test3" time="0.003"/>
  <testcase classname="com.pom.classes.TestClass3" name="test3" time="0.004"/>
  <testcase classname="com.pom.classes.TestClass3" name="test1" time="0.011"/>
  <testcase classname="com.pom.classes.TestClass3" name="test2" time="0.0">
    <ignored/>
  </testcase> <!-- test2 -->
</testsuite> <!-- Default test -->
